<?xml version="1.0" encoding="UTF-8"?>
<testng-results ignored="0" total="3" passed="3" failed="0" skipped="0">
  <reporter-output>
  </reporter-output>
  <suite started-at="2026-02-13T00:17:56 IST" name="Surefire suite" finished-at="2026-02-13T00:18:36 IST" duration-ms="40373">
    <groups>
      <group name="cucumber">
        <method signature="AbstractTestNGCucumberTests.runScenario(io.cucumber.testng.PickleWrapper,io.cucumber.testng.FeatureWrapper)[pri:0, instance:com.hcl.ecommerce.runners.TestRunner@4387b79e]" name="runScenario" class="io.cucumber.testng.AbstractTestNGCucumberTests"/>
      </group> <!-- cucumber -->
    </groups>
    <test started-at="2026-02-13T00:17:56 IST" name="Surefire test" finished-at="2026-02-13T00:18:36 IST" duration-ms="40373">
      <class name="com.hcl.ecommerce.runners.TestRunner">
        <test-method is-config="true" signature="setUpClass(org.testng.ITestContext)[pri:0, instance:com.hcl.ecommerce.runners.TestRunner@4387b79e]" started-at="2026-02-13T00:17:56 IST" name="setUpClass" finished-at="2026-02-13T00:17:57 IST" duration-ms="1740" status="PASS">
          <params>
            <param index="0">
              <value>
                <![CDATA[org.testng.TestRunner@2e179f3e]]>
              </value>
            </param>
          </params>
          <reporter-output>
          </reporter-output>
        </test-method> <!-- setUpClass -->
        <test-method signature="runScenario(io.cucumber.testng.PickleWrapper,io.cucumber.testng.FeatureWrapper)[pri:0, instance:com.hcl.ecommerce.runners.TestRunner@4387b79e]" started-at="2026-02-13T00:17:57 IST" name="runScenario" description="Runs Cucumber Scenarios" data-provider="scenarios" finished-at="2026-02-13T00:18:11 IST" duration-ms="13663" status="PASS">
          <params>
            <param index="0">
              <value>
                <![CDATA["Search product using valid keyword"]]>
              </value>
            </param>
            <param index="1">
              <value>
                <![CDATA["Product Search"]]>
              </value>
            </param>
          </params>
          <reporter-output>
          </reporter-output>
        </test-method> <!-- runScenario -->
        <test-method signature="runScenario(io.cucumber.testng.PickleWrapper,io.cucumber.testng.FeatureWrapper)[pri:0, instance:com.hcl.ecommerce.runners.TestRunner@4387b79e]" started-at="2026-02-13T00:18:11 IST" name="runScenario" description="Runs Cucumber Scenarios" data-provider="scenarios" finished-at="2026-02-13T00:18:23 IST" duration-ms="11576" status="PASS">
          <params>
            <param index="0">
              <value>
                <![CDATA["Search with no matching results"]]>
              </value>
            </param>
            <param index="1">
              <value>
                <![CDATA["Product Search"]]>
              </value>
            </param>
          </params>
          <reporter-output>
          </reporter-output>
        </test-method> <!-- runScenario -->
        <test-method signature="runScenario(io.cucumber.testng.PickleWrapper,io.cucumber.testng.FeatureWrapper)[pri:0, instance:com.hcl.ecommerce.runners.TestRunner@4387b79e]" started-at="2026-02-13T00:18:23 IST" name="runScenario" description="Runs Cucumber Scenarios" data-provider="scenarios" finished-at="2026-02-13T00:18:36 IST" duration-ms="13175" status="PASS">
          <params>
            <param index="0">
              <value>
                <![CDATA["Verify displayed product count matches the result range"]]>
              </value>
            </param>
            <param index="1">
              <value>
                <![CDATA["Product Search"]]>
              </value>
            </param>
          </params>
          <reporter-output>
          </reporter-output>
        </test-method> <!-- runScenario -->
        <test-method is-config="true" signature="tearDownClass()[pri:0, instance:com.hcl.ecommerce.runners.TestRunner@4387b79e]" started-at="2026-02-13T00:18:36 IST" name="tearDownClass" finished-at="2026-02-13T00:18:36 IST" duration-ms="105" status="PASS">
          <reporter-output>
          </reporter-output>
        </test-method> <!-- tearDownClass -->
      </class> <!-- com.hcl.ecommerce.runners.TestRunner -->
    </test> <!-- Surefire test -->
  </suite> <!-- Surefire suite -->
</testng-results>
