<?xml version="1.0" encoding="UTF-8"?>
<testsuite xmlns:xsi="http://www.w3.org/2001/XMLSchema-instance" xsi:noNamespaceSchemaLocation="https://maven.apache.org/surefire/maven-surefire-plugin/xsd/surefire-test-report-3.0.xsd" version="3.0" name="TestSuite" time="107.246" tests="8" errors="0" skipped="0" failures="0">
  <properties>
[...]
</properties>
  <testcase name="runScenario[&quot;Verify user session logic&quot;, &quot;01 Login Verification&quot;](1)" classname="com.hcl.ecommerce.runners.TestRunner" time="12.096">
    <system-out><![CDATA[
Scenario: Verify user session logic                             &amp#27;[90m# src/test/resources/features/01_Login.feature:3&amp#27;[0m
Initializing Shared WebDriver...
Attempting to load saved session...
Cookies loaded successfully.
Session valid. Continuing tests.
Browser open, session init triggered by Hooks.
  &amp#27;[32mGiven &amp#27;[0m&amp#27;[32mthe browser is open and session is initialized&amp#27;[0m          &amp#27;[90m# com.hcl.ecommerce.stepdefinitions.ProductSteps.the_browser_is_open_and_session_is_initialized()&amp#27;[0m
Session cookie validation passed.
  &amp#27;[32mThen &amp#27;[0m&amp#27;[32mthe user should be logged in with a valid session cookie&amp#27;[0m &amp#27;[90m# com.hcl.ecommerce.stepdefinitions.ProductSteps.the_user_should_be_logged_in_with_a_valid_session_cookie()&amp#27;[0m
All tests finished. Quitting Shared WebDriver...
]]></system-out>
    <system-err><![CDATA[SLF4J: Failed to load class "org.slf4j.impl.StaticLoggerBinder".
SLF4J: Defaulting to no-operation (NOP) logger implementation
SLF4J: See http://www.slf4j.org/codes.html#StaticLoggerBinder for further details.
Feb 11, 2026 12:39:14 AM org.openqa.selenium.devtools.CdpVersionFinder findNearestMatch
WARNING: Unable to find CDP implementation matching 144
Feb 11, 2026 12:39:14 AM org.openqa.selenium.chromium.ChromiumDriver lambda$new$5
WARNING: Unable to find version of CDP to use for 144.0.7559.133. You may need to include a dependency on a specific version of the CDP using something similar to `org.seleniumhq.selenium:selenium-devtools-v86:4.21.0` where the version ("v86") matches the version of the chromium-based browser you're using and the version number of the artifact is the same as Selenium's.
]]></system-err>
  </testcase>
  <testcase name="runScenario[&quot;Search product using valid keyword&quot;, &quot;Product Search &amp; Filtering&quot;](2)" classname="com.hcl.ecommerce.runners.TestRunner" time="16.105">
    <system-out><![CDATA[
Scenario: Search product using valid keyword                 &amp#27;[90m# src/test/resources/features/02_ProductSearch.feature:3&amp#27;[0m
Initializing Shared WebDriver...
Attempting to load saved session...
Cookies loaded successfully.
Session valid. Continuing tests.
User is on homepage
  &amp#27;[32mGiven &amp#27;[0m&amp#27;[32mthe user is on the homepage&amp#27;[0m                          &amp#27;[90m# com.hcl.ecommerce.stepdefinitions.ProductSteps.the_user_is_on_the_homepage()&amp#27;[0m
  &amp#27;[32mWhen &amp#27;[0m&amp#27;[32mthe user enters a valid product keyword in search bar&amp#27;[0m &amp#27;[90m# com.hcl.ecommerce.stepdefinitions.ProductSteps.the_user_enters_a_valid_product_keyword_in_search_bar()&amp#27;[0m
  &amp#27;[32mAnd &amp#27;[0m&amp#27;[32mclicks search&amp#27;[0m                                          &amp#27;[90m# com.hcl.ecommerce.stepdefinitions.ProductSteps.clicks_search()&amp#27;[0m
  &amp#27;[32mThen &amp#27;[0m&amp#27;[32mrelevant product results should be displayed&amp#27;[0m          &amp#27;[90m# com.hcl.ecommerce.stepdefinitions.ProductSteps.relevant_product_results_should_be_displayed()&amp#27;[0m
Verifying search keyword visibility...
  &amp#27;[32mAnd &amp#27;[0m&amp#27;[32msearch keyword should be visible in results page&amp#27;[0m       &amp#27;[90m# com.hcl.ecommerce.stepdefinitions.ProductSteps.search_keyword_should_be_visible_in_results_page()&amp#27;[0m
All tests finished. Quitting Shared WebDriver...
]]></system-out>
    <system-err><![CDATA[Feb 11, 2026 12:39:26 AM org.openqa.selenium.devtools.CdpVersionFinder findNearestMatch
WARNING: Unable to find CDP implementation matching 144
Feb 11, 2026 12:39:26 AM org.openqa.selenium.chromium.ChromiumDriver lambda$new$5
WARNING: Unable to find version of CDP to use for 144.0.7559.133. You may need to include a dependency on a specific version of the CDP using something similar to `org.seleniumhq.selenium:selenium-devtools-v86:4.21.0` where the version ("v86") matches the version of the chromium-based browser you're using and the version number of the artifact is the same as Selenium's.
]]></system-err>
  </testcase>
  <testcase name="runScenario[&quot;Search with no matching results&quot;, &quot;Product Search &amp; Filtering&quot;](3)" classname="com.hcl.ecommerce.runners.TestRunner" time="14.973">
    <system-out><![CDATA[
Scenario: Search with no matching results                   &amp#27;[90m# src/test/resources/features/02_ProductSearch.feature:10&amp#27;[0m
Initializing Shared WebDriver...
Attempting to load saved session...
Cookies loaded successfully.
Session valid. Continuing tests.
User is on homepage
  &amp#27;[32mGiven &amp#27;[0m&amp#27;[32mthe user is on the homepage&amp#27;[0m                         &amp#27;[90m# com.hcl.ecommerce.stepdefinitions.ProductSteps.the_user_is_on_the_homepage()&amp#27;[0m
  &amp#27;[32mWhen &amp#27;[0m&amp#27;[32mthe user searches for a non-existing product&amp#27;[0m         &amp#27;[90m# com.hcl.ecommerce.stepdefinitions.ProductSteps.the_user_searches_for_a_non_existing_product()&amp#27;[0m
Verified 'No Results Found' behavior
  &amp#27;[32mThen &amp#27;[0m&amp#27;[32mthe system should display 'No Results Found' message&amp#27;[0m &amp#27;[90m# com.hcl.ecommerce.stepdefinitions.ProductSteps.the_system_should_display_no_results_found_message()&amp#27;[0m
  &amp#27;[32mAnd &amp#27;[0m&amp#27;[32msuggest alternative products or categories&amp#27;[0m            &amp#27;[90m# com.hcl.ecommerce.stepdefinitions.ProductSteps.suggest_alternative_products_or_categories()&amp#27;[0m
All tests finished. Quitting Shared WebDriver...
]]></system-out>
    <system-err><![CDATA[Feb 11, 2026 12:39:42 AM org.openqa.selenium.devtools.CdpVersionFinder findNearestMatch
WARNING: Unable to find CDP implementation matching 144
Feb 11, 2026 12:39:42 AM org.openqa.selenium.chromium.ChromiumDriver lambda$new$5
WARNING: Unable to find version of CDP to use for 144.0.7559.133. You may need to include a dependency on a specific version of the CDP using something similar to `org.seleniumhq.selenium:selenium-devtools-v86:4.21.0` where the version ("v86") matches the version of the chromium-based browser you're using and the version number of the artifact is the same as Selenium's.
]]></system-err>
  </testcase>
  <testcase name="runScenario[&quot;Filter products by price range&quot;, &quot;Product Search &amp; Filtering&quot;](4)" classname="com.hcl.ecommerce.runners.TestRunner" time="13.075">
    <system-out><![CDATA[
Scenario: Filter products by price range                                   &amp#27;[90m# src/test/resources/features/02_ProductSearch.feature:16&amp#27;[0m
Initializing Shared WebDriver...
Attempting to load saved session...
Cookies loaded successfully.
Session valid. Continuing tests.
  &amp#27;[32mGiven &amp#27;[0m&amp#27;[32mthe user is viewing product listing page&amp#27;[0m                           &amp#27;[90m# com.hcl.ecommerce.stepdefinitions.ProductSteps.the_user_is_viewing_product_listing_page()&amp#27;[0m
Filtering by price range...
  &amp#27;[32mWhen &amp#27;[0m&amp#27;[32mthe user selects a specific price range filter&amp#27;[0m                      &amp#27;[90m# com.hcl.ecommerce.stepdefinitions.ProductSteps.the_user_selects_a_specific_price_range_filter()&amp#27;[0m
Verifying price range...
  &amp#27;[32mThen &amp#27;[0m&amp#27;[32mthe system should display only products within selected price range&amp#27;[0m &amp#27;[90m# com.hcl.ecommerce.stepdefinitions.ProductSteps.the_system_should_display_only_products_within_selected_price_range()&amp#27;[0m
Verifying result count update...
  &amp#27;[32mAnd &amp#27;[0m&amp#27;[32mupdate result count dynamically&amp#27;[0m                                      &amp#27;[90m# com.hcl.ecommerce.stepdefinitions.ProductSteps.update_result_count_dynamically()&amp#27;[0m
All tests finished. Quitting Shared WebDriver...
]]></system-out>
    <system-err><![CDATA[Feb 11, 2026 12:39:57 AM org.openqa.selenium.devtools.CdpVersionFinder findNearestMatch
WARNING: Unable to find CDP implementation matching 144
Feb 11, 2026 12:39:57 AM org.openqa.selenium.chromium.ChromiumDriver lambda$new$5
WARNING: Unable to find version of CDP to use for 144.0.7559.133. You may need to include a dependency on a specific version of the CDP using something similar to `org.seleniumhq.selenium:selenium-devtools-v86:4.21.0` where the version ("v86") matches the version of the chromium-based browser you're using and the version number of the artifact is the same as Selenium's.
]]></system-err>
  </testcase>
  <testcase name="runScenario[&quot;Sort products by price low to high&quot;, &quot;Product Search &amp; Filtering&quot;](5)" classname="com.hcl.ecommerce.runners.TestRunner" time="12.632">
    <system-out><![CDATA[
Scenario: Sort products by price low to high                &amp#27;[90m# src/test/resources/features/02_ProductSearch.feature:22&amp#27;[0m
Initializing Shared WebDriver...
Attempting to load saved session...
Cookies loaded successfully.
Session valid. Continuing tests.
  &amp#27;[32mGiven &amp#27;[0m&amp#27;[32mthe user is on a product listing page&amp#27;[0m               &amp#27;[90m# com.hcl.ecommerce.stepdefinitions.ProductSteps.the_user_is_on_a_product_listing_page()&amp#27;[0m
Sorting by Price: Low to High...
  &amp#27;[32mWhen &amp#27;[0m&amp#27;[32mthe user selects sort option 'Price: Low to High'&amp#27;[0m    &amp#27;[90m# com.hcl.ecommerce.stepdefinitions.ProductSteps.the_user_selects_sort_option_price_low_to_high()&amp#27;[0m
Verifying sort order...
  &amp#27;[32mThen &amp#27;[0m&amp#27;[32mproducts should be arranged in ascending price order&amp#27;[0m &amp#27;[90m# com.hcl.ecommerce.stepdefinitions.ProductSteps.products_should_be_arranged_in_ascending_price_order()&amp#27;[0m
All tests finished. Quitting Shared WebDriver...
]]></system-out>
    <system-err><![CDATA[Feb 11, 2026 12:40:10 AM org.openqa.selenium.devtools.CdpVersionFinder findNearestMatch
WARNING: Unable to find CDP implementation matching 144
Feb 11, 2026 12:40:10 AM org.openqa.selenium.chromium.ChromiumDriver lambda$new$5
WARNING: Unable to find version of CDP to use for 144.0.7559.133. You may need to include a dependency on a specific version of the CDP using something similar to `org.seleniumhq.selenium:selenium-devtools-v86:4.21.0` where the version ("v86") matches the version of the chromium-based browser you're using and the version number of the artifact is the same as Selenium's.
]]></system-err>
  </testcase>
  <testcase name="runScenario[&quot;Verify product details display&quot;, &quot;Product Details Page&quot;](6)" classname="com.hcl.ecommerce.runners.TestRunner" time="13.013">
    <system-out><![CDATA[
Scenario: Verify product details display                                &amp#27;[90m# src/test/resources/features/03_ProductDetails.feature:3&amp#27;[0m
Initializing Shared WebDriver...
Attempting to load saved session...
Cookies loaded successfully.
Session valid. Continuing tests.
  &amp#27;[32mGiven &amp#27;[0m&amp#27;[32mthe user clicks on a product from listing page&amp#27;[0m                  &amp#27;[90m# com.hcl.ecommerce.stepdefinitions.ProductSteps.the_user_clicks_on_a_product_from_listing_page()&amp#27;[0m
Verifying product details...
  &amp#27;[32mThen &amp#27;[0m&amp#27;[32mproduct title, price, description and images should be displayed&amp#27;[0m &amp#27;[90m# com.hcl.ecommerce.stepdefinitions.ProductSteps.product_title_price_description_and_images_should_be_displayed()&amp#27;[0m
Verifying specifications...
  &amp#27;[32mAnd &amp#27;[0m&amp#27;[32mproduct specifications should be clearly visible&amp#27;[0m                  &amp#27;[90m# com.hcl.ecommerce.stepdefinitions.ProductSteps.product_specifications_should_be_clearly_visible()&amp#27;[0m
All tests finished. Quitting Shared WebDriver...
]]></system-out>
    <system-err><![CDATA[Feb 11, 2026 12:40:23 AM org.openqa.selenium.devtools.CdpVersionFinder findNearestMatch
WARNING: Unable to find CDP implementation matching 144
Feb 11, 2026 12:40:23 AM org.openqa.selenium.chromium.ChromiumDriver lambda$new$5
WARNING: Unable to find version of CDP to use for 144.0.7559.133. You may need to include a dependency on a specific version of the CDP using something similar to `org.seleniumhq.selenium:selenium-devtools-v86:4.21.0` where the version ("v86") matches the version of the chromium-based browser you're using and the version number of the artifact is the same as Selenium's.
]]></system-err>
  </testcase>
  <testcase name="runScenario[&quot;Verify product image zoom functionality&quot;, &quot;Product Details Page&quot;](7)" classname="com.hcl.ecommerce.runners.TestRunner" time="12.303">
    <system-out><![CDATA[
Scenario: Verify product image zoom functionality &amp#27;[90m# src/test/resources/features/03_ProductDetails.feature:8&amp#27;[0m
Initializing Shared WebDriver...
Attempting to load saved session...
Cookies loaded successfully.
Session valid. Continuing tests.
  &amp#27;[32mGiven &amp#27;[0m&amp#27;[32mthe user is on product detail page&amp#27;[0m        &amp#27;[90m# com.hcl.ecommerce.stepdefinitions.ProductSteps.the_user_is_on_product_detail_page()&amp#27;[0m
Hovering over image...
  &amp#27;[32mWhen &amp#27;[0m&amp#27;[32mthe user hovers over product image&amp#27;[0m         &amp#27;[90m# com.hcl.ecommerce.stepdefinitions.ProductSteps.the_user_hovers_over_product_image()&amp#27;[0m
Verifying zoom...
  &amp#27;[32mThen &amp#27;[0m&amp#27;[32mzoomed image preview should be displayed&amp#27;[0m   &amp#27;[90m# com.hcl.ecommerce.stepdefinitions.ProductSteps.zoomed_image_preview_should_be_displayed()&amp#27;[0m
All tests finished. Quitting Shared WebDriver...
]]></system-out>
    <system-err><![CDATA[Feb 11, 2026 12:40:36 AM org.openqa.selenium.devtools.CdpVersionFinder findNearestMatch
WARNING: Unable to find CDP implementation matching 144
Feb 11, 2026 12:40:36 AM org.openqa.selenium.chromium.ChromiumDriver lambda$new$5
WARNING: Unable to find version of CDP to use for 144.0.7559.133. You may need to include a dependency on a specific version of the CDP using something similar to `org.seleniumhq.selenium:selenium-devtools-v86:4.21.0` where the version ("v86") matches the version of the chromium-based browser you're using and the version number of the artifact is the same as Selenium's.
]]></system-err>
  </testcase>
  <testcase name="runScenario[&quot;Verify out of stock product behavior&quot;, &quot;Product Details Page&quot;](8)" classname="com.hcl.ecommerce.runners.TestRunner" time="10.857">
    <system-out><![CDATA[
Scenario: Verify out of stock product behavior                     &amp#27;[90m# src/test/resources/features/03_ProductDetails.feature:13&amp#27;[0m
Initializing Shared WebDriver...
Attempting to load saved session...
Cookies loaded successfully.
Session valid. Continuing tests.
Navigating to out-of-stock item (simulated)...
  &amp#27;[32mGiven &amp#27;[0m&amp#27;[32mthe user is on product detail page of an out-of-stock item&amp#27;[0m &amp#27;[90m# com.hcl.ecommerce.stepdefinitions.ProductSteps.the_user_is_on_product_detail_page_of_an_out_of_stock_item()&amp#27;[0m
Verifying 'Out of Stock' message...
  &amp#27;[32mThen &amp#27;[0m&amp#27;[32m'Out of Stock' message should be displayed&amp#27;[0m                  &amp#27;[90m# com.hcl.ecommerce.stepdefinitions.ProductSteps.out_of_stock_message_should_be_displayed()&amp#27;[0m
Verifying Add to Cart is disabled...
  &amp#27;[32mAnd &amp#27;[0m&amp#27;[32mAdd to Cart button should be disabled&amp#27;[0m                        &amp#27;[90m# com.hcl.ecommerce.stepdefinitions.ProductSteps.add_to_cart_button_should_be_disabled()&amp#27;[0m
All tests finished. Quitting Shared WebDriver...
]]></system-out>
    <system-err><![CDATA[Feb 11, 2026 12:40:48 AM org.openqa.selenium.devtools.CdpVersionFinder findNearestMatch
WARNING: Unable to find CDP implementation matching 144
Feb 11, 2026 12:40:48 AM org.openqa.selenium.chromium.ChromiumDriver lambda$new$5
WARNING: Unable to find version of CDP to use for 144.0.7559.133. You may need to include a dependency on a specific version of the CDP using something similar to `org.seleniumhq.selenium:selenium-devtools-v86:4.21.0` where the version ("v86") matches the version of the chromium-based browser you're using and the version number of the artifact is the same as Selenium's.
]]></system-err>
  </testcase>
</testsuite>