<?xml version="1.0" encoding="UTF-8"?>
<testsuite xmlns:xsi="http://www.w3.org/2001/XMLSchema-instance" xsi:noNamespaceSchemaLocation="https://maven.apache.org/surefire/maven-surefire-plugin/xsd/surefire-test-report-3.0.xsd" version="3.0" name="TestSuite" time="80.233" tests="2" errors="0" skipped="0" failures="1">
  <properties>
[...]
</properties>
  <testcase name="runScenario[&quot;Sort products by Newest&quot;, &quot;Product Filtering&quot;](1)" classname="com.hcl.ecommerce.runners.TestRunner" time="38.085">
    <failure message="element click intercepted: Element is not clickable at point (1321, 856)&#10;  (Session info: chrome=144.0.7559.133)&#10;Build info: version: &apos;4.21.0&apos;, revision: &apos;79ed462ef4&apos;&#10;System info: os.name: &apos;Windows 11&apos;, os.arch: &apos;amd64&apos;, os.version: &apos;10.0&apos;, java.version: &apos;25.0.2&apos;&#10;Driver info: org.openqa.selenium.chrome.ChromeDriver&#10;Command: [f9cc87ba16cc4cd420278a0101626f39, clickElement {id=f.4F037C3261A238F94B50C5A6747D87EC.d.07774B24AE05C3B6C85F10262FEFC44E.e.239}]&#10;Capabilities {acceptInsecureCerts: false, browserName: chrome, browserVersion: 144.0.7559.133, chrome: {chromedriverVersion: 144.0.7559.133 (7da823b1d59..., userDataDir: C:\Users\SEC\AppData\Local\...}, fedcm:accounts: true, goog:chromeOptions: {debuggerAddress: localhost:54085}, goog:processID: 39816, networkConnectionEnabled: false, pageLoadStrategy: normal, platformName: windows, proxy: Proxy(), se:cdp: ws://localhost:54085/devtoo..., se:cdpVersion: 144.0.7559.133, setWindowRect: true, strictFileInteractability: false, timeouts: {implicit: 0, pageLoad: 300000, script: 30000}, unhandledPromptBehavior: dismiss and notify, webauthn:extension:credBlob: true, webauthn:extension:largeBlob: true, webauthn:extension:minPinLength: true, webauthn:extension:prf: true, webauthn:virtualAuthenticators: true}&#10;Element: [[ChromeDriver: chrome on windows (f9cc87ba16cc4cd420278a0101626f39)] -&gt; css selector: div.dropdown-btn]&#10;Session ID: f9cc87ba16cc4cd420278a0101626f39" type="org.openqa.selenium.ElementClickInterceptedException"><![CDATA[org.openqa.selenium.ElementClickInterceptedException: 
element click intercepted: Element is not clickable at point (1321, 856)
  (Session info: chrome=144.0.7559.133)
Build info: version: '4.21.0', revision: '79ed462ef4'
System info: os.name: 'Windows 11', os.arch: 'amd64', os.version: '10.0', java.version: '25.0.2'
Driver info: org.openqa.selenium.chrome.ChromeDriver
Command: [f9cc87ba16cc4cd420278a0101626f39, clickElement {id=f.4F037C3261A238F94B50C5A6747D87EC.d.07774B24AE05C3B6C85F10262FEFC44E.e.239}]
Capabilities {acceptInsecureCerts: false, browserName: chrome, browserVersion: 144.0.7559.133, chrome: {chromedriverVersion: 144.0.7559.133 (7da823b1d59..., userDataDir: C:\Users\SEC\AppData\Local\...}, fedcm:accounts: true, goog:chromeOptions: {debuggerAddress: localhost:54085}, goog:processID: 39816, networkConnectionEnabled: false, pageLoadStrategy: normal, platformName: windows, proxy: Proxy(), se:cdp: ws://localhost:54085/devtoo..., se:cdpVersion: 144.0.7559.133, setWindowRect: true, strictFileInteractability: false, timeouts: {implicit: 0, pageLoad: 300000, script: 30000}, unhandledPromptBehavior: dismiss and notify, webauthn:extension:credBlob: true, webauthn:extension:largeBlob: true, webauthn:extension:minPinLength: true, webauthn:extension:prf: true, webauthn:virtualAuthenticators: true}
Element: [[ChromeDriver: chrome on windows (f9cc87ba16cc4cd420278a0101626f39)] -> css selector: div.dropdown-btn]
Session ID: f9cc87ba16cc4cd420278a0101626f39
	at java.base/jdk.internal.reflect.DirectConstructorHandleAccessor.newInstance(DirectConstructorHandleAccessor.java:62)
	at java.base/java.lang.reflect.Constructor.newInstanceWithCaller(Constructor.java:499)
	at java.base/java.lang.reflect.Constructor.newInstance(Constructor.java:483)
	at org.openqa.selenium.remote.ErrorCodec.decode(ErrorCodec.java:167)
	at org.openqa.selenium.remote.codec.w3c.W3CHttpResponseCodec.decode(W3CHttpResponseCodec.java:138)
	at org.openqa.selenium.remote.codec.w3c.W3CHttpResponseCodec.decode(W3CHttpResponseCodec.java:50)
	at org.openqa.selenium.remote.HttpCommandExecutor.execute(HttpCommandExecutor.java:190)
	at org.openqa.selenium.remote.service.DriverCommandExecutor.invokeExecute(DriverCommandExecutor.java:216)
	at org.openqa.selenium.remote.service.DriverCommandExecutor.execute(DriverCommandExecutor.java:174)
	at org.openqa.selenium.remote.RemoteWebDriver.execute(RemoteWebDriver.java:518)
	at org.openqa.selenium.remote.RemoteWebElement.execute(RemoteWebElement.java:223)
	at org.openqa.selenium.remote.RemoteWebElement.click(RemoteWebElement.java:76)
	at java.base/jdk.internal.reflect.DirectMethodHandleAccessor.invoke(DirectMethodHandleAccessor.java:104)
	at java.base/java.lang.reflect.Method.invoke(Method.java:565)
	at org.openqa.selenium.support.pagefactory.internal.LocatingElementHandler.invoke(LocatingElementHandler.java:51)
	at jdk.proxy2/jdk.proxy2.$Proxy23.click(Unknown Source)
	at com.hcl.ecommerce.page.ProductsListPage.applySortNewest(ProductsListPage.java:137)
	at com.hcl.ecommerce.stepdefinitions.ProductsListPageSteps.the_user_selects_sort_option_newest(ProductsListPageSteps.java:47)
	at ✽.the user selects sort option 'Newest'(file:///G:/My%20Drive/HCL%20training/Hands-on/HCL-EcommerceSiteTest/src/test/resources/features/Product_filter.feature:7)
]]></failure>
    <system-out><![CDATA[
Scenario: Sort products by Newest                        &amp#27;[90m# src/test/resources/features/Product_filter.feature:6&amp#27;[0m
Initializing Fresh WebDriver...
  &amp#27;[32mGiven &amp#27;[0m&amp#27;[32mthe user is on a product listing page&amp#27;[0m            &amp#27;[90m# com.hcl.ecommerce.stepdefinitions.ProductsListPageSteps.the_user_is_on_a_product_listing_page()&amp#27;[0m
  &amp#27;[31mWhen &amp#27;[0m&amp#27;[31mthe user selects sort option 'Newest'&amp#27;[0m             &amp#27;[90m# com.hcl.ecommerce.stepdefinitions.ProductsListPageSteps.the_user_selects_sort_option_newest()&amp#27;[0m
      &amp#27;[31morg.openqa.selenium.ElementClickInterceptedException: element click intercepted: Element is not clickable at point (1321, 856)
  (Session info: chrome=144.0.7559.133)
Build info: version: '4.21.0', revision: '79ed462ef4'
System info: os.name: 'Windows 11', os.arch: 'amd64', os.version: '10.0', java.version: '25.0.2'
Driver info: org.openqa.selenium.chrome.ChromeDriver
Command: [f9cc87ba16cc4cd420278a0101626f39, clickElement {id=f.4F037C3261A238F94B50C5A6747D87EC.d.07774B24AE05C3B6C85F10262FEFC44E.e.239}]
Capabilities {acceptInsecureCerts: false, browserName: chrome, browserVersion: 144.0.7559.133, chrome: {chromedriverVersion: 144.0.7559.133 (7da823b1d59..., userDataDir: C:\Users\SEC\AppData\Local\...}, fedcm:accounts: true, goog:chromeOptions: {debuggerAddress: localhost:54085}, goog:processID: 39816, networkConnectionEnabled: false, pageLoadStrategy: normal, platformName: windows, proxy: Proxy(), se:cdp: ws://localhost:54085/devtoo..., se:cdpVersion: 144.0.7559.133, setWindowRect: true, strictFileInteractability: false, timeouts: {implicit: 0, pageLoad: 300000, script: 30000}, unhandledPromptBehavior: dismiss and notify, webauthn:extension:credBlob: true, webauthn:extension:largeBlob: true, webauthn:extension:minPinLength: true, webauthn:extension:prf: true, webauthn:virtualAuthenticators: true}
Element: [[ChromeDriver: chrome on windows (f9cc87ba16cc4cd420278a0101626f39)] -> css selector: div.dropdown-btn]
Session ID: f9cc87ba16cc4cd420278a0101626f39
	at java.base/jdk.internal.reflect.DirectConstructorHandleAccessor.newInstance(DirectConstructorHandleAccessor.java:62)
	at java.base/java.lang.reflect.Constructor.newInstanceWithCaller(Constructor.java:499)
	at java.base/java.lang.reflect.Constructor.newInstance(Constructor.java:483)
	at org.openqa.selenium.remote.ErrorCodec.decode(ErrorCodec.java:167)
	at org.openqa.selenium.remote.codec.w3c.W3CHttpResponseCodec.decode(W3CHttpResponseCodec.java:138)
	at org.openqa.selenium.remote.codec.w3c.W3CHttpResponseCodec.decode(W3CHttpResponseCodec.java:50)
	at org.openqa.selenium.remote.HttpCommandExecutor.execute(HttpCommandExecutor.java:190)
	at org.openqa.selenium.remote.service.DriverCommandExecutor.invokeExecute(DriverCommandExecutor.java:216)
	at org.openqa.selenium.remote.service.DriverCommandExecutor.execute(DriverCommandExecutor.java:174)
	at org.openqa.selenium.remote.RemoteWebDriver.execute(RemoteWebDriver.java:518)
	at org.openqa.selenium.remote.RemoteWebElement.execute(RemoteWebElement.java:223)
	at org.openqa.selenium.remote.RemoteWebElement.click(RemoteWebElement.java:76)
	at java.base/jdk.internal.reflect.DirectMethodHandleAccessor.invoke(DirectMethodHandleAccessor.java:104)
	at java.base/java.lang.reflect.Method.invoke(Method.java:565)
	at org.openqa.selenium.support.pagefactory.internal.LocatingElementHandler.invoke(LocatingElementHandler.java:51)
	at jdk.proxy2/jdk.proxy2.$Proxy23.click(Unknown Source)
	at com.hcl.ecommerce.page.ProductsListPage.applySortNewest(ProductsListPage.java:137)
	at com.hcl.ecommerce.stepdefinitions.ProductsListPageSteps.the_user_selects_sort_option_newest(ProductsListPageSteps.java:47)
	at ✽.the user selects sort option 'Newest'(file:///G:/My%20Drive/HCL%20training/Hands-on/HCL-EcommerceSiteTest/src/test/resources/features/Product_filter.feature:7)
&amp#27;[0m
  &amp#27;[36mThen &amp#27;[0m&amp#27;[36mproducts should be arranged in newest first order&amp#27;[0m &amp#27;[90m# com.hcl.ecommerce.stepdefinitions.ProductsListPageSteps.products_should_be_arranged_in_newest_first_order()&amp#27;[0m
]]></system-out>
    <system-err><![CDATA[SLF4J: Failed to load class "org.slf4j.impl.StaticLoggerBinder".
SLF4J: Defaulting to no-operation (NOP) logger implementation
SLF4J: See http://www.slf4j.org/codes.html#StaticLoggerBinder for further details.
Feb 13, 2026 12:00:47 AM org.openqa.selenium.devtools.CdpVersionFinder findNearestMatch
WARNING: Unable to find CDP implementation matching 144
Feb 13, 2026 12:00:47 AM org.openqa.selenium.chromium.ChromiumDriver lambda$new$5
WARNING: Unable to find version of CDP to use for 144.0.7559.133. You may need to include a dependency on a specific version of the CDP using something similar to `org.seleniumhq.selenium:selenium-devtools-v86:4.21.0` where the version ("v86") matches the version of the chromium-based browser you're using and the version number of the artifact is the same as Selenium's.
]]></system-err>
  </testcase>
  <testcase name="runScenario[&quot;Sort products by price low to high&quot;, &quot;Product Filtering&quot;](2)" classname="com.hcl.ecommerce.runners.TestRunner" time="38.473">
    <system-out><![CDATA[
Scenario: Sort products by price low to high                &amp#27;[90m# src/test/resources/features/Product_filter.feature:10&amp#27;[0m
Initializing Fresh WebDriver...
  &amp#27;[32mGiven &amp#27;[0m&amp#27;[32mthe user is on a product listing page&amp#27;[0m               &amp#27;[90m# com.hcl.ecommerce.stepdefinitions.ProductsListPageSteps.the_user_is_on_a_product_listing_page()&amp#27;[0m
  &amp#27;[32mWhen &amp#27;[0m&amp#27;[32mthe user selects sort option 'Price: Low to High'&amp#27;[0m    &amp#27;[90m# com.hcl.ecommerce.stepdefinitions.ProductsListPageSteps.the_user_selects_sort_option_price_low_to_high()&amp#27;[0m
Verifying prices are ascending...
  &amp#27;[32mThen &amp#27;[0m&amp#27;[32mproducts should be arranged in ascending price order&amp#27;[0m &amp#27;[90m# com.hcl.ecommerce.stepdefinitions.ProductsListPageSteps.products_should_be_arranged_in_ascending_price_order()&amp#27;[0m
]]></system-out>
    <system-err><![CDATA[Feb 13, 2026 12:01:23 AM org.openqa.selenium.devtools.CdpVersionFinder findNearestMatch
WARNING: Unable to find CDP implementation matching 144
Feb 13, 2026 12:01:23 AM org.openqa.selenium.chromium.ChromiumDriver lambda$new$5
WARNING: Unable to find version of CDP to use for 144.0.7559.133. You may need to include a dependency on a specific version of the CDP using something similar to `org.seleniumhq.selenium:selenium-devtools-v86:4.21.0` where the version ("v86") matches the version of the chromium-based browser you're using and the version number of the artifact is the same as Selenium's.
]]></system-err>
  </testcase>
</testsuite>